1516649889636	geckodriver	INFO	geckodriver 0.19.1 (0000000000000000000000000000000000000000 2017-10-31)
1516649889646	geckodriver	INFO	Listening on 127.0.0.1:52153
1516649892619	mozrunner::runner	INFO	Running command: "C:\\Program Files\\Firefox Developer Edition\\firefox.exe" "-marionette" "-profile" "C:\\Users\\Sharon\\AppData\\Local\\Temp\\rust_mozprofile.WxSxYFKhuM7I"
1516649894631	Marionette	INFO	Enabled via --marionette
[Parent 5972, Gecko_IOThread] WARNING: pipe error: 109: file z:/build/build/src/ipc/chromium/src/chrome/common/ipc_channel_win.cc, line 346
[JavaScript error: chrome://browser/content/browser.js, line 6745: TypeError: cannot use the given object as a weak map key
_win.cc, line 346
[Child 7944, Chrome_ChildThread] WARNING: pipe error: 109: file z:/build/build/src/ipc/chromium/src/chrome/common/ipc_channel_win.cc, line 346
1516649905750	Marionette	INFO	Listening on port 52165
1516649906238	Marionette	WARN	TLS certificate errors will be ignored for this session
IPDL protocol error: Handler returned error code!

###!!! [Parent][DispatchAsyncMessage] Error: PAPZCTreeManager::Msg_SetTargetAPZC Processing error: message was deserialized, but the handler returned false (indicating failure)

JavaScript warning: https://signin.ebay.com/ws/eBayISAPI.dll?SignIn&ru=https%3A%2F%2Fwww.ebay.com%2Fsch%2Fi.html%3F_from%3DR40%26_sacat%3D0%26_nkw%3Dhtc10%26rt%3Dnc%26LH_PrefLoc%3D0%26_trksid%3Dp2045573.m1684, line 154: unreachable code after return statement
[Parent 5972, Gecko_IOThread] WARNING: pipe error: 109: file z:/build/build/src/ipc/chromium/src/chrome/common/ipc_channel_win.cc, line 346
JavaScript warning: https://signin.ebay.com/ws/eBayISAPI.dll?SignIn&errmsg=8&regUrl=https%3A%2F%2Freg.ebay.com%2Freg%2FPartialReg%3Fsiteid%3D0%26UsingSSL%3D1%26co_partnerId%3D2%26errmsg%3D%26src%3D%26ru%3Dhttps%253A%252F%252Fwww.ebay.com%252Fsch%252Fi.html%253F_from%253DR40%2526_sacat%253D0%2526_nkw%253Dhtc10%2526rt%253Dnc%2526LH_PrefLoc%253D0%2526_trksid%253Dp2045573.m1684%26signInUrl%3Dhttps%253A%252F%252Fsignin.ebay.com%253A443%252Fws%252FeBayISAPI.dll%253FSignIn%2526ru%253Dhttps%25253A%25252F%25252Fwww.ebay.com%25252Fsch%25252Fi.html%25253F_from%25253DR40%252526_sacat%25253D0%252526_nkw%25253Dhtc10%252526rt%25253Dnc%252526LH_PrefLoc%25253D0%252526_trksid%25253Dp2045573.m1684%26rv4%3D1&pUserId=sharonfaduck%40gmail.com&co_partnerId=2&siteid=0&pageType=-1&pa1=&i1=-1&UsingSSL=1&k=1&favoritenav=&ru=https%3A%2F%2Fwww.ebay.com%2Fsch%2Fi.html%3F_from%3DR40%26_sacat%3D0%26_nkw%3Dhtc10%26rt%3Dnc%26LH_PrefLoc%3D0%26_trksid%3Dp2045573.m1684&pp=&bshowgif=0&gu=0&ifh=0, line 154: unreachable code after return statement
JavaScript warning: https://signin.ebay.com/ws/eBayISAPI.dll?SignIn&errmsg=8&regUrl=https%3A%2F%2Freg.ebay.com%2Freg%2FPartialReg%3Fsiteid%3D0%26UsingSSL%3D1%26co_partnerId%3D2%26errmsg%3D%26src%3D%26ru%3Dhttps%253A%252F%252Fwww.ebay.com%252Fsch%252Fi.html%253F_from%253DR40%2526_sacat%253D0%2526_nkw%253Dhtc10%2526rt%253Dnc%2526LH_PrefLoc%253D0%2526_trksid%253Dp2045573.m1684%26rv4%3D1%26signInUrl%3Dhttps%253A%252F%252Fsignin.ebay.com%253A443%252Fws%252FeBayISAPI.dll%253FSignIn%2526errmsg%253D8%2526pUserId%253Dsharonfaduck%252540gmail.com%2526co_partnerId%253D2%2526siteid%253D0%2526pageType%253D-1%2526pa1%253D%2526i1%253D-1%2526UsingSSL%253D1%2526k%253D1%2526favoritenav%253D%2526ru%253Dhttps%25253A%25252F%25252Fwww.ebay.com%25252Fsch%25252Fi.html%25253F_from%25253DR40%252526_sacat%25253D0%252526_nkw%25253Dhtc10%252526rt%25253Dnc%252526LH_PrefLoc%25253D0%252526_trksid%25253Dp2045573.m1684%2526pp%253D%2526bshowgif%253D0%2526gu%253D0%2526ifh%253D0&pUserId=sharonfaduck%40gmail.com&co_partnerId=2&siteid=0&pageType=-1&pa1=&i1=-1&UsingSSL=1&k=1&favoritenav=&ru=https%3A%2F%2Fwww.ebay.com%2Fsch%2Fi.html%3F_from%3DR40%26_sacat%3D0%26_nkw%3Dhtc10%26rt%3Dnc%26LH_PrefLoc%3D0%26_trksid%3Dp2045573.m1684&pp=&bshowgif=0&gu=0&ifh=0, line 154: unreachable code after return statement
console.warn: LoginRecipes: getRecipes: falling back to a synchronous message for: https://signin.ebay.com
console.warn: nsLoginManager: searchLogins: `formSubmitURL` or `httpRealm` is recommended
console.warn: LoginRecipes: getRecipes: falling back to a synchronous message for: https://signin.ebay.com
console.warn: nsLoginManager: searchLogins: `formSubmitURL` or `httpRealm` is recommended
JavaScript warning: https://signin.ebay.com/ws/eBayISAPI.dll?SignIn&errmsg=8&regUrl=https%3A%2F%2Freg.ebay.com%2Freg%2FPartialReg%3Fsiteid%3D0%26UsingSSL%3D1%26co_partnerId%3D2%26errmsg%3D%26src%3D%26ru%3Dhttps%253A%252F%252Fwww.ebay.com%252Fsch%252Fi.html%253F_from%253DR40%2526_sacat%253D0%2526_nkw%253Dhtc10%2526rt%253Dnc%2526LH_PrefLoc%253D0%2526_trksid%253Dp2045573.m1684%26rv4%3D1%26signInUrl%3Dhttps%253A%252F%252Fsignin.ebay.com%253A443%252Fws%252FeBayISAPI.dll%253FSignIn%2526errmsg%253D8%2526pUserId%253Dsharonfaduck%252540gmail.com%2526co_partnerId%253D2%2526siteid%253D0%2526pageType%253D-1%2526pa1%253D%2526i1%253D-1%2526UsingSSL%253D1%2526k%253D1%2526favoritenav%253D%2526ru%253Dhttps%25253A%25252F%25252Fwww.ebay.com%25252Fsch%25252Fi.html%25253F_from%25253DR40%252526_sacat%25253D0%252526_nkw%25253Dhtc10%252526rt%25253Dnc%252526LH_PrefLoc%25253D0%252526_trksid%25253Dp2045573.m1684%2526pp%253D%2526bshowgif%253D0%2526gu%253D0%2526ifh%253D0&pUserId=sharonfaduck%40gmail.com&co_partnerId=2&siteid=0&pageType=-1&pa1=&i1=-1&UsingSSL=1&k=0&favoritenav=&ru=https%3A%2F%2Fwww.ebay.com%2Fsch%2Fi.html%3F_from%3DR40%26_sacat%3D0%26_nkw%3Dhtc10%26rt%3Dnc%26LH_PrefLoc%3D0%26_trksid%3Dp2045573.m1684&pp=&bshowgif=0&gu=0&ifh=0, line 154: unreachable code after return statement
JavaScript warning: https://signin.ebay.com/ws/eBayISAPI.dll?SignIn&errmsg=8&regUrl=https%3A%2F%2Freg.ebay.com%2Freg%2FPartialReg%3Fsiteid%3D0%26UsingSSL%3D1%26co_partnerId%3D2%26errmsg%3D%26src%3D%26ru%3Dhttps%253A%252F%252Fwww.ebay.com%252Fsch%252Fi.html%253F_from%253DR40%2526_sacat%253D0%2526_nkw%253Dhtc10%2526rt%253Dnc%2526LH_PrefLoc%253D0%2526_trksid%253Dp2045573.m1684%26rv4%3D1%26signInUrl%3Dhttps%253A%252F%252Fsignin.ebay.com%253A443%252Fws%252FeBayISAPI.dll%253FSignIn%2526errmsg%253D8%2526pUserId%253Dsharonfaduck%252540gmail.com%2526co_partnerId%253D2%2526siteid%253D0%2526pageType%253D-1%2526pa1%253D%2526i1%253D-1%2526UsingSSL%253D1%2526k%253D0%2526favoritenav%253D%2526ru%253Dhttps%25253A%25252F%25252Fwww.ebay.com%25252Fsch%25252Fi.html%25253F_from%25253DR40%252526_sacat%25253D0%252526_nkw%25253Dhtc10%252526rt%25253Dnc%252526LH_PrefLoc%25253D0%252526_trksid%25253Dp2045573.m1684%2526pp%253D%2526bshowgif%253D0%2526gu%253D0%2526ifh%253D0&pUserId=sharonfaduck%40gmail.com&co_partnerId=2&siteid=0&pageType=-1&pa1=&i1=-1&UsingSSL=1&k=0&favoritenav=&ru=https%3A%2F%2Fwww.ebay.com%2Fsch%2Fi.html%3F_from%3DR40%26_sacat%3D0%26_nkw%3Dhtc10%26rt%3Dnc%26LH_PrefLoc%3D0%26_trksid%3Dp2045573.m1684&pp=&bshowgif=0&gu=0&ifh=0, line 154: unreachable code after return statement
[Parent 5972, Gecko_IOThread] WARNING: pipe error: 109: file z:/build/build/src/ipc/chromium/src/chrome/common/ipc_channel_win.cc, line 346
JavaScript warning: https://signin.ebay.com/ws/eBayISAPI.dll?SignIn&errmsg=8&regUrl=https%3A%2F%2Freg.ebay.com%2Freg%2FPartialReg%3Fsiteid%3D0%26UsingSSL%3D1%26co_partnerId%3D2%26errmsg%3D%26src%3D%26ru%3Dhttps%253A%252F%252Fwww.ebay.com%252Fsch%252Fi.html%253F_from%253DR40%2526_sacat%253D0%2526_nkw%253Dhtc10%2526rt%253Dnc%2526LH_PrefLoc%253D0%2526_trksid%253Dp2045573.m1684%26rv4%3D1%26signInUrl%3Dhttps%253A%252F%252Fsignin.ebay.com%253A443%252Fws%252FeBayISAPI.dll%253FSignIn%2526errmsg%253D8%2526pUserId%253Dsharonfaduck%252540gmail.com%2526co_partnerId%253D2%2526siteid%253D0%2526pageType%253D-1%2526pa1%253D%2526i1%253D-1%2526UsingSSL%253D1%2526k%253D0%2526favoritenav%253D%2526ru%253Dhttps%25253A%25252F%25252Fwww.ebay.com%25252Fsch%25252Fi.html%25253F_from%25253DR40%252526_sacat%25253D0%252526_nkw%25253Dhtc10%252526rt%25253Dnc%252526LH_PrefLoc%25253D0%252526_trksid%25253Dp2045573.m1684%2526pp%253D%2526bshowgif%253D0%2526gu%253D0%2526ifh%253D0&pUserId=sharon1f%40012.net.il&co_partnerId=2&siteid=0&pageType=-1&pa1=&i1=-1&UsingSSL=1&k=0&favoritenav=&ru=https%3A%2F%2Fwww.ebay.com%2Fsch%2Fi.html%3F_from%3DR40%26_sacat%3D0%26_nkw%3Dhtc10%26rt%3Dnc%26LH_PrefLoc%3D0%26_trksid%3Dp2045573.m1684&pp=&bshowgif=0&gu=0&ifh=0, line 154: unreachable code after return statement
JavaScript warning: https://signin.ebay.com/ws/eBayISAPI.dll?SignIn&errmsg=8&regUrl=https%3A%2F%2Freg.ebay.com%2Freg%2FPartialReg%3Fsiteid%3D0%26UsingSSL%3D1%26co_partnerId%3D2%26errmsg%3D%26src%3D%26ru%3Dhttps%253A%252F%252Fwww.ebay.com%252Fsch%252Fi.html%253F_from%253DR40%2526_sacat%253D0%2526_nkw%253Dhtc10%2526rt%253Dnc%2526LH_PrefLoc%253D0%2526_trksid%253Dp2045573.m1684%26rv4%3D1%26signInUrl%3Dhttps%253A%252F%252Fsignin.ebay.com%253A443%252Fws%252FeBayISAPI.dll%253FSignIn%2526errmsg%253D8%2526pUserId%253Dsharon1f%252540012.net.il%2526co_partnerId%253D2%2526siteid%253D0%2526pageType%253D-1%2526pa1%253D%2526i1%253D-1%2526UsingSSL%253D1%2526k%253D0%2526favoritenav%253D%2526ru%253Dhttps%25253A%25252F%25252Fwww.ebay.com%25252Fsch%25252Fi.html%25253F_from%25253DR40%252526_sacat%25253D0%252526_nkw%25253Dhtc10%252526rt%25253Dnc%252526LH_PrefLoc%25253D0%252526_trksid%25253Dp2045573.m1684%2526pp%253D%2526bshowgif%253D0%2526gu%253D0%2526ifh%253D0&pUserId=sharon1f%40012.net.il&co_partnerId=2&siteid=0&pageType=-1&pa1=&i1=-1&UsingSSL=1&k=0&favoritenav=&ru=https%3A%2F%2Fwww.ebay.com%2Fsch%2Fi.html%3F_from%3DR40%26_sacat%3D0%26_nkw%3Dhtc10%26rt%3Dnc%26LH_PrefLoc%3D0%26_trksid%3Dp2045573.m1684&pp=&bshowgif=0&gu=0&ifh=0, line 154: unreachable code after return statement
JavaScript error: https://tpc.googlesyndication.com/sadbundle/$csp%3Der3%26dns%3Doff$/12030361084108938860/index.html#t=17860336140463179456&p=https%3A%2F%2Ftpc.googlesyndication.com, line 63: SyntaxError: missing } after function body
JavaScript note: https://tpc.googlesyndication.com/sadbundle/$csp%3Der3%26dns%3Doff$/12030361084108938860/index.html#t=17860336140463179456&p=https%3A%2F%2Ftpc.googlesyndication.com, line 63: { opened at line 63, column 56
JavaScript error: chrome://browser/content/browser.js, line 6745: TypeError: cannot use the given object as a weak map key
JavaScript error: chrome://browser/content/browser.js, line 6745: TypeError: cannot use the given object as a weak map key
JavaScript error: chrome://browser/content/browser.js, line 6745: TypeError: cannot use the given object as a weak map key
JavaScript error: chrome://browser/content/browser.js, line 6745: TypeError: cannot use the given object as a weak map key
JavaScript error: chrome://browser/content/tabbrowser.xml, line 3970: TypeError: this.tabs is undefined
JavaScript error: jar:file:///C:/Program%20Files/Firefox%20Developer%20Edition/omni.ja!/components/nsAsyncShutdown.js, line 119: Error: We have already registered a distinct blocker with the same name: Crash Reporter: blocking on minidumpgeneration.
[Parent 5972, Gecko_IOThread] WARNING: pipe error: 109: file z:/build/build/src/ipc/chromium/src/chrome/common/ipc_channel_win.cc, line 346
JavaScript error: resource:///modules/sessionstore/SessionSaver.jsm, line 186: NS_ERROR_FAILURE: Component returned failure code: 0x80004005 (NS_ERROR_FAILURE) [nsIAppShellService.hiddenDOMWindow]

###!!! [Child][MessageChannel] Error: (msgtype=0x520027,name=PNecko::Msg_RemoveRequestContext) Channel closing: too late to send/recv, messages will be lost


###!!! [Child][RunMessage] Error: Channel closing: too late to send/recv, messages will be lost

[Child 7700, Chrome_ChildThread] WARNING: pipe error: 109: file z:/build/build/src/ipc/chromium/src/chrome/common/ipc_channel_win.cc, line 346

###!!! [Child][RunMessage] Error: Channel closing: too late to send/recv, messages will be lost

[Child 7700, Chrome_ChildThread] WARNING: pipe error: 109: file z:/build/build/src/ipc/chromium/src/chrome/common/ipc_channel_win.cc, line 346
A content process crashed and MOZ_CRASHREPORTER_SHUTDOWN is set, shutting down
[Parent 5972, Gecko_IOThread] WARNING: pipe error: 109: file z:/build/build/src/ipc/chromium/src/chrome/common/ipc_channel_win.cc, line 346
